<?xml version="1.0" encoding="UTF-8"?>
<testng-results skipped="0" failed="0" ignored="0" total="1" passed="1">
  <reporter-output>
    <line>
      <![CDATA[Project name is matching]]>
    </line>
  </reporter-output>
  <suite name="Default suite" duration-ms="3976" started-at="2021-12-13T16:50:04 IST" finished-at="2021-12-13T16:50:08 IST">
    <groups>
    </groups>
    <test name="Default test" duration-ms="3976" started-at="2021-12-13T16:50:04 IST" finished-at="2021-12-13T16:50:08 IST">
      <class name="Assignment.VeifyProName">
        <test-method status="PASS" signature="verify()[pri:0, instance:Assignment.VeifyProName@28ac3dc3]" name="verify" duration-ms="3927" started-at="2021-12-13T16:50:04 IST" finished-at="2021-12-13T16:50:08 IST">
          <reporter-output>
            <line>
              <![CDATA[Project name is matching]]>
            </line>
          </reporter-output>
        </test-method> <!-- verify -->
      </class> <!-- Assignment.VeifyProName -->
    </test> <!-- Default test -->
  </suite> <!-- Default suite -->
</testng-results>
